build/app/intermediates/manifest_merge_blame_file/release/manifest-merger-blame-release-report.txt
1<?xml version="1.0" encoding="utf-8"?>
2<manifest xmlns:android="http://schemas.android.com/apk/res/android"
3    package="com.app.radiorodovia"
4    android:versionCode="8"
5    android:versionName="1.0.3" >
6
7    <uses-sdk
8        android:minSdkVersion="24"
8-->src\main\AndroidManifest.xml
9        android:targetSdkVersion="30" />
9-->src\main\AndroidManifest.xml
10
11    <uses-permission android:name="android.permission.INTERNET" />
11-->src\main\AndroidManifest.xml:4:5-67
11-->src\main\AndroidManifest.xml:4:22-64
12    <uses-permission android:name="android.permission.WAKE_LOCK" />
12-->src\main\AndroidManifest.xml:5:5-68
12-->src\main\AndroidManifest.xml:5:22-65
13    <uses-permission android:name="android.permission.RECEIVE_BOOT_COMPLETED" />
13-->src\main\AndroidManifest.xml:6:5-80
13-->src\main\AndroidManifest.xml:6:22-78
14    <uses-permission android:name="android.permission.VIBRATE" />
14-->src\main\AndroidManifest.xml:7:5-66
14-->src\main\AndroidManifest.xml:7:22-63
15    <uses-permission android:name="android.permission.FOREGROUND_SERVICE" />
15-->src\main\AndroidManifest.xml:8:5-76
15-->src\main\AndroidManifest.xml:8:22-74
16    <uses-permission android:name="android.permission.ACCESS_NETWORK_STATE" />
16-->[:firebase_messaging] AndroidManifest.xml:11:5-79
16-->[:firebase_messaging] AndroidManifest.xml:11:22-76
17    <uses-permission android:name="android.permission.USE_FULL_SCREEN_INTENT" />
17-->[:flutter_local_notifications] AndroidManifest.xml:11:5-81
17-->[:flutter_local_notifications] AndroidManifest.xml:11:22-78
18    <uses-permission android:name="android.permission.SCHEDULE_EXACT_ALARM" />
18-->[:flutter_local_notifications] AndroidManifest.xml:12:5-79
18-->[:flutter_local_notifications] AndroidManifest.xml:12:22-76
19    <uses-permission android:name="com.google.android.gms.permission.AD_ID" /> <!-- Android package visibility setting -->
19-->[com.google.android.gms:play-services-ads-lite:20.4.0] AndroidManifest.xml:25:5-79
19-->[com.google.android.gms:play-services-ads-lite:20.4.0] AndroidManifest.xml:25:22-76
20    <queries>
20-->[com.google.android.gms:play-services-ads-lite:20.4.0] AndroidManifest.xml:28:5-44:15
21
22        <!-- For browser content -->
23        <intent>
23-->[com.google.android.gms:play-services-ads-lite:20.4.0] AndroidManifest.xml:31:9-37:18
24            <action android:name="android.intent.action.VIEW" />
24-->[com.google.android.gms:play-services-ads-lite:20.4.0] AndroidManifest.xml:32:13-65
24-->[com.google.android.gms:play-services-ads-lite:20.4.0] AndroidManifest.xml:32:21-62
25
26            <category android:name="android.intent.category.BROWSABLE" />
26-->[com.google.android.gms:play-services-ads-lite:20.4.0] AndroidManifest.xml:34:13-74
26-->[com.google.android.gms:play-services-ads-lite:20.4.0] AndroidManifest.xml:34:23-71
27
28            <data android:scheme="https" />
28-->[com.google.android.gms:play-services-ads-lite:20.4.0] AndroidManifest.xml:36:13-44
28-->[com.google.android.gms:play-services-ads-lite:20.4.0] AndroidManifest.xml:36:19-41
29        </intent>
30        <!-- End of browser content -->
31        <!-- For CustomTabsService -->
32        <intent>
32-->[com.google.android.gms:play-services-ads-lite:20.4.0] AndroidManifest.xml:40:9-42:18
33            <action android:name="android.support.customtabs.action.CustomTabsService" />
33-->[com.google.android.gms:play-services-ads-lite:20.4.0] AndroidManifest.xml:41:13-90
33-->[com.google.android.gms:play-services-ads-lite:20.4.0] AndroidManifest.xml:41:21-87
34        </intent>
35        <!-- End of CustomTabsService -->
36    </queries> <!-- Required by older versions of Google Play services to create IID tokens -->
37    <uses-permission android:name="com.google.android.c2dm.permission.RECEIVE" />
37-->[com.google.firebase:firebase-messaging:23.0.2] AndroidManifest.xml:28:5-82
37-->[com.google.firebase:firebase-messaging:23.0.2] AndroidManifest.xml:28:22-79
38    <uses-permission android:name="com.google.android.finsky.permission.BIND_GET_INSTALL_REFERRER_SERVICE" />
38-->[com.google.android.gms:play-services-measurement:20.1.1] AndroidManifest.xml:26:5-110
38-->[com.google.android.gms:play-services-measurement:20.1.1] AndroidManifest.xml:26:22-107
39
40    <application
40-->src\main\AndroidManifest.xml:10:5-51:21
41        android:allowBackup="false"
41-->src\main\AndroidManifest.xml:15:9-36
42        android:appComponentFactory="androidx.core.app.CoreComponentFactory"
42-->[androidx.core:core:1.6.0] AndroidManifest.xml:24:18-86
43        android:extractNativeLibs="false"
44        android:icon="@mipmap/ic_launcher"
44-->src\main\AndroidManifest.xml:14:9-43
45        android:label="Radio rodovia"
45-->src\main\AndroidManifest.xml:12:9-38
46        android:usesCleartextTraffic="true" >
46-->src\main\AndroidManifest.xml:13:9-44
47
48        <!-- Google Ads Admob configuration -->
49        <meta-data
49-->src\main\AndroidManifest.xml:18:9-20:69
50            android:name="com.google.android.gms.ads.APPLICATION_ID"
50-->src\main\AndroidManifest.xml:19:13-69
51            android:value="ca-app-pub-3940256099942544~3347511713" />
51-->src\main\AndroidManifest.xml:20:13-67
52
53        <activity
53-->src\main\AndroidManifest.xml:22:9-44:20
54            android:name="com.app.radiorodovia.MainActivity"
54-->src\main\AndroidManifest.xml:23:13-41
55            android:configChanges="orientation|keyboardHidden|keyboard|screenSize|locale|layoutDirection|fontScale|screenLayout|density|uiMode"
55-->src\main\AndroidManifest.xml:27:13-144
56            android:exported="true"
56-->src\main\AndroidManifest.xml:24:13-36
57            android:hardwareAccelerated="true"
57-->src\main\AndroidManifest.xml:28:13-47
58            android:launchMode="singleTop"
58-->src\main\AndroidManifest.xml:25:13-43
59            android:theme="@style/LaunchTheme"
59-->src\main\AndroidManifest.xml:26:13-47
60            android:windowSoftInputMode="adjustResize" >
60-->src\main\AndroidManifest.xml:29:13-55
61            <meta-data
61-->src\main\AndroidManifest.xml:31:13-33:40
62                android:name="io.flutter.app.android.SplashScreenUntilFirstFrame"
62-->src\main\AndroidManifest.xml:32:17-82
63                android:value="true" />
63-->src\main\AndroidManifest.xml:33:17-37
64
65            <intent-filter>
65-->src\main\AndroidManifest.xml:34:13-37:29
66                <action android:name="android.intent.action.MAIN" />
66-->src\main\AndroidManifest.xml:35:17-68
66-->src\main\AndroidManifest.xml:35:25-66
67
68                <category android:name="android.intent.category.LAUNCHER" />
68-->src\main\AndroidManifest.xml:36:17-76
68-->src\main\AndroidManifest.xml:36:27-74
69            </intent-filter>
70            <intent-filter>
70-->src\main\AndroidManifest.xml:39:13-42:29
71                <action android:name="FLUTTER_NOTIFICATION_CLICK" />
71-->src\main\AndroidManifest.xml:40:17-69
71-->src\main\AndroidManifest.xml:40:25-66
72
73                <category android:name="android.intent.category.DEFAULT" />
73-->src\main\AndroidManifest.xml:41:17-76
73-->src\main\AndroidManifest.xml:41:27-73
74            </intent-filter>
75        </activity>
76
77        <meta-data
77-->src\main\AndroidManifest.xml:46:1-49:7
78            android:name="flutterEmbedding"
78-->src\main\AndroidManifest.xml:47:5-36
79            android:value="2" />
79-->src\main\AndroidManifest.xml:48:5-22
80
81        <service
81-->[:firebase_messaging] AndroidManifest.xml:14:9-17:72
82            android:name="io.flutter.plugins.firebase.messaging.FlutterFirebaseMessagingBackgroundService"
82-->[:firebase_messaging] AndroidManifest.xml:15:13-107
83            android:exported="false"
83-->[:firebase_messaging] AndroidManifest.xml:16:13-37
84            android:permission="android.permission.BIND_JOB_SERVICE" />
84-->[:firebase_messaging] AndroidManifest.xml:17:13-69
85        <service
85-->[:firebase_messaging] AndroidManifest.xml:18:9-24:19
86            android:name="io.flutter.plugins.firebase.messaging.FlutterFirebaseMessagingService"
86-->[:firebase_messaging] AndroidManifest.xml:19:13-97
87            android:exported="false" >
87-->[:firebase_messaging] AndroidManifest.xml:20:13-37
88            <intent-filter>
88-->[:firebase_messaging] AndroidManifest.xml:21:13-23:29
89                <action android:name="com.google.firebase.MESSAGING_EVENT" />
89-->[:firebase_messaging] AndroidManifest.xml:22:17-78
89-->[:firebase_messaging] AndroidManifest.xml:22:25-75
90            </intent-filter>
91        </service>
92
93        <receiver
93-->[:firebase_messaging] AndroidManifest.xml:26:9-33:20
94            android:name="io.flutter.plugins.firebase.messaging.FlutterFirebaseMessagingReceiver"
94-->[:firebase_messaging] AndroidManifest.xml:27:13-98
95            android:exported="true"
95-->[:firebase_messaging] AndroidManifest.xml:28:13-36
96            android:permission="com.google.android.c2dm.permission.SEND" >
96-->[:firebase_messaging] AndroidManifest.xml:29:13-73
97            <intent-filter>
97-->[:firebase_messaging] AndroidManifest.xml:30:13-32:29
98                <action android:name="com.google.android.c2dm.intent.RECEIVE" />
98-->[:firebase_messaging] AndroidManifest.xml:31:17-81
98-->[:firebase_messaging] AndroidManifest.xml:31:25-78
99            </intent-filter>
100        </receiver>
101
102        <service
102-->[:firebase_messaging] AndroidManifest.xml:35:9-39:19
103            android:name="com.google.firebase.components.ComponentDiscoveryService"
103-->[:firebase_messaging] AndroidManifest.xml:35:18-89
104            android:directBootAware="true"
104-->[com.google.firebase:firebase-common:20.1.0] AndroidManifest.xml:35:13-43
105            android:exported="false" >
105-->[com.google.firebase:firebase-messaging:23.0.2] AndroidManifest.xml:54:13-37
106            <meta-data
106-->[:firebase_messaging] AndroidManifest.xml:36:13-38:85
107                android:name="com.google.firebase.components:io.flutter.plugins.firebase.messaging.FlutterFirebaseAppRegistrar"
107-->[:firebase_messaging] AndroidManifest.xml:37:17-128
108                android:value="com.google.firebase.components.ComponentRegistrar" />
108-->[:firebase_messaging] AndroidManifest.xml:38:17-82
109            <meta-data
109-->[:firebase_core] AndroidManifest.xml:11:13-13:85
110                android:name="com.google.firebase.components:io.flutter.plugins.firebase.core.FlutterFirebaseCoreRegistrar"
110-->[:firebase_core] AndroidManifest.xml:12:17-124
111                android:value="com.google.firebase.components.ComponentRegistrar" />
111-->[:firebase_core] AndroidManifest.xml:13:17-82
112            <meta-data
112-->[com.google.firebase:firebase-messaging:23.0.2] AndroidManifest.xml:55:13-57:85
113                android:name="com.google.firebase.components:com.google.firebase.messaging.FirebaseMessagingRegistrar"
113-->[com.google.firebase:firebase-messaging:23.0.2] AndroidManifest.xml:56:17-119
114                android:value="com.google.firebase.components.ComponentRegistrar" />
114-->[com.google.firebase:firebase-messaging:23.0.2] AndroidManifest.xml:57:17-82
115            <meta-data
115-->[com.google.firebase:firebase-datatransport:18.1.1] AndroidManifest.xml:28:13-30:85
116                android:name="com.google.firebase.components:com.google.firebase.datatransport.TransportRegistrar"
116-->[com.google.firebase:firebase-datatransport:18.1.1] AndroidManifest.xml:29:17-115
117                android:value="com.google.firebase.components.ComponentRegistrar" />
117-->[com.google.firebase:firebase-datatransport:18.1.1] AndroidManifest.xml:30:17-82
118            <meta-data
118-->[com.google.android.gms:play-services-measurement-api:20.1.1] AndroidManifest.xml:31:13-33:85
119                android:name="com.google.firebase.components:com.google.firebase.analytics.connector.internal.AnalyticsConnectorRegistrar"
119-->[com.google.android.gms:play-services-measurement-api:20.1.1] AndroidManifest.xml:32:17-139
120                android:value="com.google.firebase.components.ComponentRegistrar" />
120-->[com.google.android.gms:play-services-measurement-api:20.1.1] AndroidManifest.xml:33:17-82
121            <meta-data
121-->[com.google.firebase:firebase-installations:17.0.1] AndroidManifest.xml:18:13-20:85
122                android:name="com.google.firebase.components:com.google.firebase.installations.FirebaseInstallationsRegistrar"
122-->[com.google.firebase:firebase-installations:17.0.1] AndroidManifest.xml:19:17-127
123                android:value="com.google.firebase.components.ComponentRegistrar" />
123-->[com.google.firebase:firebase-installations:17.0.1] AndroidManifest.xml:20:17-82
124        </service>
125
126        <provider
126-->[:firebase_messaging] AndroidManifest.xml:41:9-45:38
127            android:name="io.flutter.plugins.firebase.messaging.FlutterFirebaseMessagingInitProvider"
127-->[:firebase_messaging] AndroidManifest.xml:42:13-102
128            android:authorities="com.app.radiorodovia.flutterfirebasemessaginginitprovider"
128-->[:firebase_messaging] AndroidManifest.xml:43:13-88
129            android:exported="false"
129-->[:firebase_messaging] AndroidManifest.xml:44:13-37
130            android:initOrder="99" />
130-->[:firebase_messaging] AndroidManifest.xml:45:13-35
131
132        <receiver
132-->[:flutter_local_notifications] AndroidManifest.xml:15:9-17:40
133            android:name="com.dexterous.flutterlocalnotifications.ScheduledNotificationReceiver"
133-->[:flutter_local_notifications] AndroidManifest.xml:16:13-97
134            android:exported="false" />
134-->[:flutter_local_notifications] AndroidManifest.xml:17:13-37
135        <receiver
135-->[:flutter_local_notifications] AndroidManifest.xml:18:9-27:20
136            android:name="com.dexterous.flutterlocalnotifications.ScheduledNotificationBootReceiver"
136-->[:flutter_local_notifications] AndroidManifest.xml:19:13-101
137            android:exported="false" >
137-->[:flutter_local_notifications] AndroidManifest.xml:20:13-37
138            <intent-filter>
138-->[:flutter_local_notifications] AndroidManifest.xml:21:13-26:29
139                <action android:name="android.intent.action.BOOT_COMPLETED" />
139-->[:flutter_local_notifications] AndroidManifest.xml:22:17-79
139-->[:flutter_local_notifications] AndroidManifest.xml:22:25-76
140                <action android:name="android.intent.action.MY_PACKAGE_REPLACED" />
140-->[:flutter_local_notifications] AndroidManifest.xml:23:17-84
140-->[:flutter_local_notifications] AndroidManifest.xml:23:25-81
141                <action android:name="android.intent.action.QUICKBOOT_POWERON" />
141-->[:flutter_local_notifications] AndroidManifest.xml:24:17-82
141-->[:flutter_local_notifications] AndroidManifest.xml:24:25-79
142                <action android:name="com.htc.intent.action.QUICKBOOT_POWERON" />
142-->[:flutter_local_notifications] AndroidManifest.xml:25:17-82
142-->[:flutter_local_notifications] AndroidManifest.xml:25:25-79
143            </intent-filter>
144        </receiver>
145
146        <activity
146-->[:url_launcher_android] AndroidManifest.xml:10:9-13:74
147            android:name="io.flutter.plugins.urllauncher.WebViewActivity"
147-->[:url_launcher_android] AndroidManifest.xml:11:13-74
148            android:exported="false"
148-->[:url_launcher_android] AndroidManifest.xml:12:13-37
149            android:theme="@android:style/Theme.NoTitleBar.Fullscreen" />
149-->[:url_launcher_android] AndroidManifest.xml:13:13-71
150
151        <receiver
151-->[:assets_audio_player] AndroidManifest.xml:14:9-16:40
152            android:name="com.github.florent37.assets_audio_player.notification.NotificationActionReceiver"
152-->[:assets_audio_player] AndroidManifest.xml:15:13-108
153            android:exported="false" />
153-->[:assets_audio_player] AndroidManifest.xml:16:13-37
154        <receiver
154-->[:assets_audio_player] AndroidManifest.xml:17:9-23:20
155            android:name="com.github.florent37.assets_audio_player.notification.CustomMediaButtonReceiver"
155-->[:assets_audio_player] AndroidManifest.xml:18:13-107
156            android:exported="false" >
156-->[:assets_audio_player] AndroidManifest.xml:19:13-37
157            <intent-filter>
157-->[:assets_audio_player] AndroidManifest.xml:20:13-22:29
158                <action android:name="android.intent.action.MEDIA_BUTTON" />
158-->[:assets_audio_player] AndroidManifest.xml:21:17-77
158-->[:assets_audio_player] AndroidManifest.xml:21:25-74
159            </intent-filter>
160        </receiver>
161
162        <service
162-->[:assets_audio_player] AndroidManifest.xml:25:9-35:19
163            android:name="com.github.florent37.assets_audio_player.notification.NotificationService"
163-->[:assets_audio_player] AndroidManifest.xml:26:13-101
164            android:enabled="true"
164-->[:assets_audio_player] AndroidManifest.xml:27:13-35
165            android:exported="true" >
165-->[:assets_audio_player] AndroidManifest.xml:28:13-36
166
167            <!--
168            <intent-filter>
169                <action android:name="android.intent.action.MEDIA_BUTTON" />
170            </intent-filter>
171            -->
172        </service>
173
174        <meta-data
174-->[:google_mobile_ads] AndroidManifest.xml:12:9-14:36
175            android:name="io.flutter.embedded_views_preview"
175-->[:google_mobile_ads] AndroidManifest.xml:13:13-61
176            android:value="true" />
176-->[:google_mobile_ads] AndroidManifest.xml:14:13-33
177
178        <provider
178-->[:share_plus] AndroidManifest.xml:10:9-18:20
179            android:name="dev.fluttercommunity.plus.share.ShareFileProvider"
179-->[:share_plus] AndroidManifest.xml:11:13-77
180            android:authorities="com.app.radiorodovia.flutter.share_provider"
180-->[:share_plus] AndroidManifest.xml:12:13-74
181            android:exported="false"
181-->[:share_plus] AndroidManifest.xml:13:13-37
182            android:grantUriPermissions="true" >
182-->[:share_plus] AndroidManifest.xml:14:13-47
183            <meta-data
183-->[:share_plus] AndroidManifest.xml:15:13-17:68
184                android:name="android.support.FILE_PROVIDER_PATHS"
184-->[:share_plus] AndroidManifest.xml:16:17-67
185                android:resource="@xml/flutter_share_file_paths" />
185-->[:share_plus] AndroidManifest.xml:17:17-65
186        </provider>
187
188        <uses-library
188-->[androidx.window:window:1.0.0-beta04] AndroidManifest.xml:25:9-27:40
189            android:name="androidx.window.extensions"
189-->[androidx.window:window:1.0.0-beta04] AndroidManifest.xml:26:13-54
190            android:required="false" />
190-->[androidx.window:window:1.0.0-beta04] AndroidManifest.xml:27:13-37
191        <uses-library
191-->[androidx.window:window:1.0.0-beta04] AndroidManifest.xml:28:9-30:40
192            android:name="androidx.window.sidecar"
192-->[androidx.window:window:1.0.0-beta04] AndroidManifest.xml:29:13-51
193            android:required="false" /> <!-- Include the AdActivity and InAppPurchaseActivity configChanges and themes. -->
193-->[androidx.window:window:1.0.0-beta04] AndroidManifest.xml:30:13-37
194        <activity
194-->[com.google.android.gms:play-services-ads-lite:20.4.0] AndroidManifest.xml:49:9-53:64
195            android:name="com.google.android.gms.ads.AdActivity"
195-->[com.google.android.gms:play-services-ads-lite:20.4.0] AndroidManifest.xml:50:13-65
196            android:configChanges="keyboard|keyboardHidden|orientation|screenLayout|uiMode|screenSize|smallestScreenSize"
196-->[com.google.android.gms:play-services-ads-lite:20.4.0] AndroidManifest.xml:51:13-122
197            android:exported="false"
197-->[com.google.android.gms:play-services-ads-lite:20.4.0] AndroidManifest.xml:52:13-37
198            android:theme="@android:style/Theme.Translucent" />
198-->[com.google.android.gms:play-services-ads-lite:20.4.0] AndroidManifest.xml:53:13-61
199
200        <provider
200-->[com.google.android.gms:play-services-ads-lite:20.4.0] AndroidManifest.xml:55:9-59:39
201            android:name="com.google.android.gms.ads.MobileAdsInitProvider"
201-->[com.google.android.gms:play-services-ads-lite:20.4.0] AndroidManifest.xml:56:13-76
202            android:authorities="com.app.radiorodovia.mobileadsinitprovider"
202-->[com.google.android.gms:play-services-ads-lite:20.4.0] AndroidManifest.xml:57:13-73
203            android:exported="false"
203-->[com.google.android.gms:play-services-ads-lite:20.4.0] AndroidManifest.xml:58:13-37
204            android:initOrder="100" />
204-->[com.google.android.gms:play-services-ads-lite:20.4.0] AndroidManifest.xml:59:13-36
205
206        <service
206-->[com.google.android.gms:play-services-ads-lite:20.4.0] AndroidManifest.xml:61:9-64:40
207            android:name="com.google.android.gms.ads.AdService"
207-->[com.google.android.gms:play-services-ads-lite:20.4.0] AndroidManifest.xml:62:13-64
208            android:enabled="true"
208-->[com.google.android.gms:play-services-ads-lite:20.4.0] AndroidManifest.xml:63:13-35
209            android:exported="false" />
209-->[com.google.android.gms:play-services-ads-lite:20.4.0] AndroidManifest.xml:64:13-37
210
211        <provider
211-->[androidx.work:work-runtime:2.7.1] AndroidManifest.xml:31:9-39:20
212            android:name="androidx.startup.InitializationProvider"
212-->[androidx.work:work-runtime:2.7.1] AndroidManifest.xml:32:13-67
213            android:authorities="com.app.radiorodovia.androidx-startup"
213-->[androidx.work:work-runtime:2.7.1] AndroidManifest.xml:33:13-68
214            android:exported="false" >
214-->[androidx.work:work-runtime:2.7.1] AndroidManifest.xml:34:13-37
215            <meta-data
215-->[androidx.work:work-runtime:2.7.1] AndroidManifest.xml:36:13-38:52
216                android:name="androidx.work.WorkManagerInitializer"
216-->[androidx.work:work-runtime:2.7.1] AndroidManifest.xml:37:17-68
217                android:value="androidx.startup" />
217-->[androidx.work:work-runtime:2.7.1] AndroidManifest.xml:38:17-49
218        </provider>
219
220        <service
220-->[androidx.work:work-runtime:2.7.1] AndroidManifest.xml:41:9-46:35
221            android:name="androidx.work.impl.background.systemalarm.SystemAlarmService"
221-->[androidx.work:work-runtime:2.7.1] AndroidManifest.xml:42:13-88
222            android:directBootAware="false"
222-->[androidx.work:work-runtime:2.7.1] AndroidManifest.xml:43:13-44
223            android:enabled="@bool/enable_system_alarm_service_default"
223-->[androidx.work:work-runtime:2.7.1] AndroidManifest.xml:44:13-72
224            android:exported="false" />
224-->[androidx.work:work-runtime:2.7.1] AndroidManifest.xml:45:13-37
225        <service
225-->[androidx.work:work-runtime:2.7.1] AndroidManifest.xml:47:9-53:35
226            android:name="androidx.work.impl.background.systemjob.SystemJobService"
226-->[androidx.work:work-runtime:2.7.1] AndroidManifest.xml:48:13-84
227            android:directBootAware="false"
227-->[androidx.work:work-runtime:2.7.1] AndroidManifest.xml:49:13-44
228            android:enabled="@bool/enable_system_job_service_default"
228-->[androidx.work:work-runtime:2.7.1] AndroidManifest.xml:50:13-70
229            android:exported="true"
229-->[androidx.work:work-runtime:2.7.1] AndroidManifest.xml:51:13-36
230            android:permission="android.permission.BIND_JOB_SERVICE" />
230-->[androidx.work:work-runtime:2.7.1] AndroidManifest.xml:52:13-69
231        <service
231-->[androidx.work:work-runtime:2.7.1] AndroidManifest.xml:54:9-59:35
232            android:name="androidx.work.impl.foreground.SystemForegroundService"
232-->[androidx.work:work-runtime:2.7.1] AndroidManifest.xml:55:13-81
233            android:directBootAware="false"
233-->[androidx.work:work-runtime:2.7.1] AndroidManifest.xml:56:13-44
234            android:enabled="@bool/enable_system_foreground_service_default"
234-->[androidx.work:work-runtime:2.7.1] AndroidManifest.xml:57:13-77
235            android:exported="false" />
235-->[androidx.work:work-runtime:2.7.1] AndroidManifest.xml:58:13-37
236
237        <receiver
237-->[androidx.work:work-runtime:2.7.1] AndroidManifest.xml:61:9-66:35
238            android:name="androidx.work.impl.utils.ForceStopRunnable$BroadcastReceiver"
238-->[androidx.work:work-runtime:2.7.1] AndroidManifest.xml:62:13-88
239            android:directBootAware="false"
239-->[androidx.work:work-runtime:2.7.1] AndroidManifest.xml:63:13-44
240            android:enabled="true"
240-->[androidx.work:work-runtime:2.7.1] AndroidManifest.xml:64:13-35
241            android:exported="false" />
241-->[androidx.work:work-runtime:2.7.1] AndroidManifest.xml:65:13-37
242        <receiver
242-->[androidx.work:work-runtime:2.7.1] AndroidManifest.xml:67:9-77:20
243            android:name="androidx.work.impl.background.systemalarm.ConstraintProxy$BatteryChargingProxy"
243-->[androidx.work:work-runtime:2.7.1] AndroidManifest.xml:68:13-106
244            android:directBootAware="false"
244-->[androidx.work:work-runtime:2.7.1] AndroidManifest.xml:69:13-44
245            android:enabled="false"
245-->[androidx.work:work-runtime:2.7.1] AndroidManifest.xml:70:13-36
246            android:exported="false" >
246-->[androidx.work:work-runtime:2.7.1] AndroidManifest.xml:71:13-37
247            <intent-filter>
247-->[androidx.work:work-runtime:2.7.1] AndroidManifest.xml:73:13-76:29
248                <action android:name="android.intent.action.ACTION_POWER_CONNECTED" />
248-->[androidx.work:work-runtime:2.7.1] AndroidManifest.xml:74:17-87
248-->[androidx.work:work-runtime:2.7.1] AndroidManifest.xml:74:25-84
249                <action android:name="android.intent.action.ACTION_POWER_DISCONNECTED" />
249-->[androidx.work:work-runtime:2.7.1] AndroidManifest.xml:75:17-90
249-->[androidx.work:work-runtime:2.7.1] AndroidManifest.xml:75:25-87
250            </intent-filter>
251        </receiver>
252        <receiver
252-->[androidx.work:work-runtime:2.7.1] AndroidManifest.xml:78:9-88:20
253            android:name="androidx.work.impl.background.systemalarm.ConstraintProxy$BatteryNotLowProxy"
253-->[androidx.work:work-runtime:2.7.1] AndroidManifest.xml:79:13-104
254            android:directBootAware="false"
254-->[androidx.work:work-runtime:2.7.1] AndroidManifest.xml:80:13-44
255            android:enabled="false"
255-->[androidx.work:work-runtime:2.7.1] AndroidManifest.xml:81:13-36
256            android:exported="false" >
256-->[androidx.work:work-runtime:2.7.1] AndroidManifest.xml:82:13-37
257            <intent-filter>
257-->[androidx.work:work-runtime:2.7.1] AndroidManifest.xml:84:13-87:29
258                <action android:name="android.intent.action.BATTERY_OKAY" />
258-->[androidx.work:work-runtime:2.7.1] AndroidManifest.xml:85:17-77
258-->[androidx.work:work-runtime:2.7.1] AndroidManifest.xml:85:25-74
259                <action android:name="android.intent.action.BATTERY_LOW" />
259-->[androidx.work:work-runtime:2.7.1] AndroidManifest.xml:86:17-76
259-->[androidx.work:work-runtime:2.7.1] AndroidManifest.xml:86:25-73
260            </intent-filter>
261        </receiver>
262        <receiver
262-->[androidx.work:work-runtime:2.7.1] AndroidManifest.xml:89:9-99:20
263            android:name="androidx.work.impl.background.systemalarm.ConstraintProxy$StorageNotLowProxy"
263-->[androidx.work:work-runtime:2.7.1] AndroidManifest.xml:90:13-104
264            android:directBootAware="false"
264-->[androidx.work:work-runtime:2.7.1] AndroidManifest.xml:91:13-44
265            android:enabled="false"
265-->[androidx.work:work-runtime:2.7.1] AndroidManifest.xml:92:13-36
266            android:exported="false" >
266-->[androidx.work:work-runtime:2.7.1] AndroidManifest.xml:93:13-37
267            <intent-filter>
267-->[androidx.work:work-runtime:2.7.1] AndroidManifest.xml:95:13-98:29
268                <action android:name="android.intent.action.DEVICE_STORAGE_LOW" />
268-->[androidx.work:work-runtime:2.7.1] AndroidManifest.xml:96:17-83
268-->[androidx.work:work-runtime:2.7.1] AndroidManifest.xml:96:25-80
269                <action android:name="android.intent.action.DEVICE_STORAGE_OK" />
269-->[androidx.work:work-runtime:2.7.1] AndroidManifest.xml:97:17-82
269-->[androidx.work:work-runtime:2.7.1] AndroidManifest.xml:97:25-79
270            </intent-filter>
271        </receiver>
272        <receiver
272-->[androidx.work:work-runtime:2.7.1] AndroidManifest.xml:100:9-109:20
273            android:name="androidx.work.impl.background.systemalarm.ConstraintProxy$NetworkStateProxy"
273-->[androidx.work:work-runtime:2.7.1] AndroidManifest.xml:101:13-103
274            android:directBootAware="false"
274-->[androidx.work:work-runtime:2.7.1] AndroidManifest.xml:102:13-44
275            android:enabled="false"
275-->[androidx.work:work-runtime:2.7.1] AndroidManifest.xml:103:13-36
276            android:exported="false" >
276-->[androidx.work:work-runtime:2.7.1] AndroidManifest.xml:104:13-37
277            <intent-filter>
277-->[androidx.work:work-runtime:2.7.1] AndroidManifest.xml:106:13-108:29
278                <action android:name="android.net.conn.CONNECTIVITY_CHANGE" />
278-->[androidx.work:work-runtime:2.7.1] AndroidManifest.xml:107:17-79
278-->[androidx.work:work-runtime:2.7.1] AndroidManifest.xml:107:25-76
279            </intent-filter>
280        </receiver>
281        <receiver
281-->[androidx.work:work-runtime:2.7.1] AndroidManifest.xml:110:9-121:20
282            android:name="androidx.work.impl.background.systemalarm.RescheduleReceiver"
282-->[androidx.work:work-runtime:2.7.1] AndroidManifest.xml:111:13-88
283            android:directBootAware="false"
283-->[androidx.work:work-runtime:2.7.1] AndroidManifest.xml:112:13-44
284            android:enabled="false"
284-->[androidx.work:work-runtime:2.7.1] AndroidManifest.xml:113:13-36
285            android:exported="false" >
285-->[androidx.work:work-runtime:2.7.1] AndroidManifest.xml:114:13-37
286            <intent-filter>